[debug] [2022-03-19T22:14:04.055Z] ----------------------------------------------------------------------
[debug] [2022-03-19T22:14:04.058Z] Command:       /usr/bin/node /usr/bin/firebase init hosting
[debug] [2022-03-19T22:14:04.059Z] CLI Version:   10.4.0
[debug] [2022-03-19T22:14:04.059Z] Platform:      linux
[debug] [2022-03-19T22:14:04.059Z] Node Version:  v14.18.2
[debug] [2022-03-19T22:14:04.060Z] Time:          Sat Mar 19 2022 22:14:04 GMT+0000 (Greenwich Mean Time)
[debug] [2022-03-19T22:14:04.060Z] ----------------------------------------------------------------------
[debug] 
[debug] [2022-03-19T22:14:04.134Z] > command requires scopes: ["email","openid","https://www.googleapis.com/auth/cloudplatformprojects.readonly","https://www.googleapis.com/auth/firebase","https://www.googleapis.com/auth/cloud-platform"]
[debug] [2022-03-19T22:14:04.134Z] > authorizing via signed-in user (dawoudtanveer@outlook.com)
[info] 
     ######## #### ########  ######## ########     ###     ######  ########
     ##        ##  ##     ## ##       ##     ##  ##   ##  ##       ##
     ######    ##  ########  ######   ########  #########  ######  ######
     ##        ##  ##    ##  ##       ##     ## ##     ##       ## ##
     ##       #### ##     ## ######## ########  ##     ##  ######  ########

You're about to initialize a Firebase project in this directory:

  /home/dawoud/Projects/facebookclone

Before we get started, keep in mind:

  * You are initializing within an existing Firebase project directory

[info] 
=== Project Setup
[info] 
[info] First, let's associate this project directory with a Firebase project.
[info] You can create multiple project aliases by running firebase use --add, 
[info] but for now we'll just set up a default project.
[info] 
[debug] [2022-03-19T22:14:04.142Z] Using project from CLI flag: facebook-clone-84f8a
[debug] [2022-03-19T22:14:04.145Z] >>> [apiv2][query] GET https://firebase.googleapis.com/v1beta1/projects/facebook-clone-84f8a [none]
[debug] [2022-03-19T22:14:04.414Z] <<< [apiv2][status] GET https://firebase.googleapis.com/v1beta1/projects/facebook-clone-84f8a 200
[debug] [2022-03-19T22:14:04.415Z] <<< [apiv2][body] GET https://firebase.googleapis.com/v1beta1/projects/facebook-clone-84f8a {"projectId":"facebook-clone-84f8a","projectNumber":"922296101153","displayName":"facebook-clone","name":"projects/facebook-clone-84f8a","resources":{"hostingSite":"facebook-clone-84f8a","storageBucket":"facebook-clone-84f8a.appspot.com","locationId":"europe-west"},"state":"ACTIVE"}
[info] i  Using project facebook-clone-84f8a (facebook-clone) 
[info] 
=== Hosting Setup
[info] 
[info] Your public directory is the folder (relative to your project directory) that
[info] will contain Hosting assets to be uploaded with firebase deploy. If you
[info] have a build process for your assets, use your build's output directory.
[info] 
